  [1m[36m (0.1ms)[0m  [1mSELECT "schema_migrations"."version" FROM "schema_migrations" [0m
  [1m[36m (0.1ms)[0m  [1mSELECT "schema_migrations"."version" FROM "schema_migrations" [0m
Migrating to CreateMovies (20111119180638)
Migrating to AddMoreMovies (20120130161449)
  [1m[35m (0.4ms)[0m  select sqlite_version(*)
  [1m[36m (0.1ms)[0m  [1mSELECT "schema_migrations"."version" FROM "schema_migrations" [0m
  [1m[35m (0.0ms)[0m  PRAGMA index_list("movies")
  [1m[36m (0.1ms)[0m  [1mSELECT "schema_migrations"."version" FROM "schema_migrations" [0m
  [1m[35m (0.3ms)[0m  select sqlite_version(*)
  [1m[36m (35.3ms)[0m  [1mCREATE TABLE "movies" ("id" INTEGER PRIMARY KEY AUTOINCREMENT NOT NULL, "title" varchar(255), "rating" varchar(255), "description" text, "release_date" datetime, "created_at" datetime, "updated_at" datetime) [0m
  [1m[35m (23.8ms)[0m  CREATE TABLE "schema_migrations" ("version" varchar(255) NOT NULL) 
  [1m[36m (0.1ms)[0m  [1mPRAGMA index_list("schema_migrations")[0m
  [1m[35m (27.0ms)[0m  CREATE UNIQUE INDEX "unique_schema_migrations" ON "schema_migrations" ("version")
  [1m[36m (0.1ms)[0m  [1mSELECT version FROM "schema_migrations"[0m
  [1m[35m (24.6ms)[0m  INSERT INTO "schema_migrations" (version) VALUES ('20120130161449')
  [1m[36m (20.1ms)[0m  [1mINSERT INTO "schema_migrations" (version) VALUES ('20111119180638')[0m
  [1m[36m (0.1ms)[0m  [1mSELECT "schema_migrations"."version" FROM "schema_migrations" [0m
  [1m[35m (0.3ms)[0m  select sqlite_version(*)
  [1m[36m (33.4ms)[0m  [1mCREATE TABLE "movies" ("id" INTEGER PRIMARY KEY AUTOINCREMENT NOT NULL, "title" varchar(255), "rating" varchar(255), "description" text, "release_date" datetime, "created_at" datetime, "updated_at" datetime) [0m
  [1m[35m (23.6ms)[0m  CREATE TABLE "schema_migrations" ("version" varchar(255) NOT NULL) 
  [1m[36m (0.1ms)[0m  [1mPRAGMA index_list("schema_migrations")[0m
  [1m[35m (29.6ms)[0m  CREATE UNIQUE INDEX "unique_schema_migrations" ON "schema_migrations" ("version")
  [1m[36m (0.1ms)[0m  [1mSELECT version FROM "schema_migrations"[0m
  [1m[35m (20.2ms)[0m  INSERT INTO "schema_migrations" (version) VALUES ('20120130161449')
  [1m[36m (19.9ms)[0m  [1mINSERT INTO "schema_migrations" (version) VALUES ('20111119180638')[0m
  [1m[36m (0.1ms)[0m  [1mSELECT "schema_migrations"."version" FROM "schema_migrations" [0m
  [1m[36m (0.1ms)[0m  [1mSELECT "schema_migrations"."version" FROM "schema_migrations" [0m
Migrating to CreateMovies (20111119180638)
Migrating to AddMoreMovies (20120130161449)
Migrating to AddDirectorToMovies (20120818193635)
  [1m[35m (0.0ms)[0m  select sqlite_version(*)
  [1m[36m (0.5ms)[0m  [1mALTER TABLE "movies" ADD "director" varchar(255)[0m
  [1m[35m (0.1ms)[0m  INSERT INTO "schema_migrations" ("version") VALUES ('20120818193635')
  [1m[36m (0.3ms)[0m  [1mselect sqlite_version(*)[0m
  [1m[35m (0.1ms)[0m  SELECT "schema_migrations"."version" FROM "schema_migrations" 
  [1m[36m (0.0ms)[0m  [1mPRAGMA index_list("movies")[0m


Started GET "/movies" for 127.0.0.1 at 2012-08-18 19:51:09 +0000
  Processing by MoviesController#index as HTML
  [1m[36mMovie Load (0.6ms)[0m  [1mSELECT "movies".* FROM "movies" WHERE "movies"."rating" IN (NULL)[0m
Rendered movies/index.html.haml within layouts/application (9.8ms)
Compiled application.css  (0ms)  (pid 1433)
Compiled application.js  (20ms)  (pid 1433)
Compiled jquery.js  (92ms)  (pid 1433)
Compiled jquery_ujs.js  (3ms)  (pid 1433)
Completed 200 OK in 373ms (Views: 310.2ms | ActiveRecord: 0.6ms)


Started GET "/assets/application.js?body=1" for 127.0.0.1 at 2012-08-18 19:51:11 +0000
Served asset /application.js - 200 OK (4ms)


Started GET "/assets/jquery.js?body=1" for 127.0.0.1 at 2012-08-18 19:51:11 +0000
Served asset /jquery.js - 200 OK (12ms)


Started GET "/assets/application.css?body=1" for 127.0.0.1 at 2012-08-18 19:51:11 +0000
Served asset /application.css - 200 OK (1ms)


Started GET "/assets/jquery_ujs.js?body=1" for 127.0.0.1 at 2012-08-18 19:51:11 +0000
Served asset /jquery_ujs.js - 200 OK (8ms)


Started GET "/movies?utf8=%E2%9C%93&ratings%5BG%5D=1&ratings%5BPG%5D=1&ratings%5BPG-13%5D=1&ratings%5BNC-17%5D=1&ratings%5BR%5D=1&commit=Refresh" for 127.0.0.1 at 2012-08-18 19:51:21 +0000
  Processing by MoviesController#index as HTML
  Parameters: {"utf8"=>"✓", "ratings"=>{"G"=>"1", "PG"=>"1", "PG-13"=>"1", "NC-17"=>"1", "R"=>"1"}, "commit"=>"Refresh"}
Redirected to http://localhost:3000/movies?ratings%5BG%5D=1&ratings%5BNC-17%5D=1&ratings%5BPG%5D=1&ratings%5BPG-13%5D=1&ratings%5BR%5D=1
Completed 302 Found in 1ms


Started GET "/movies?ratings%5BG%5D=1&ratings%5BNC-17%5D=1&ratings%5BPG%5D=1&ratings%5BPG-13%5D=1&ratings%5BR%5D=1" for 127.0.0.1 at 2012-08-18 19:51:21 +0000
  Processing by MoviesController#index as HTML
  Parameters: {"ratings"=>{"G"=>"1", "NC-17"=>"1", "PG"=>"1", "PG-13"=>"1", "R"=>"1"}}
  [1m[35mMovie Load (0.4ms)[0m  SELECT "movies".* FROM "movies" WHERE "movies"."rating" IN ('G', 'NC-17', 'PG', 'PG-13', 'R')
Rendered movies/index.html.haml within layouts/application (610.4ms)
Completed 200 OK in 621ms (Views: 618.3ms | ActiveRecord: 0.8ms)
  [1m[36m (0.2ms)[0m  [1mSELECT "schema_migrations"."version" FROM "schema_migrations" [0m
  [1m[35m (0.3ms)[0m  select sqlite_version(*)
  [1m[36m (100.0ms)[0m  [1mCREATE TABLE "movies" ("id" INTEGER PRIMARY KEY AUTOINCREMENT NOT NULL, "title" varchar(255), "rating" varchar(255), "description" text, "release_date" datetime, "created_at" datetime, "updated_at" datetime, "director" varchar(255)) [0m
  [1m[35m (67.4ms)[0m  CREATE TABLE "schema_migrations" ("version" varchar(255) NOT NULL) 
  [1m[36m (0.1ms)[0m  [1mPRAGMA index_list("schema_migrations")[0m
  [1m[35m (95.8ms)[0m  CREATE UNIQUE INDEX "unique_schema_migrations" ON "schema_migrations" ("version")
  [1m[36m (0.1ms)[0m  [1mSELECT version FROM "schema_migrations"[0m
  [1m[35m (71.0ms)[0m  INSERT INTO "schema_migrations" (version) VALUES ('20120818193635')
  [1m[36m (94.6ms)[0m  [1mINSERT INTO "schema_migrations" (version) VALUES ('20111119180638')[0m
  [1m[35m (108.7ms)[0m  INSERT INTO "schema_migrations" (version) VALUES ('20120130161449')
  [1m[36m (0.1ms)[0m  [1mSELECT "schema_migrations"."version" FROM "schema_migrations" [0m
  [1m[35m (0.3ms)[0m  select sqlite_version(*)
  [1m[36m (37.0ms)[0m  [1mCREATE TABLE "movies" ("id" INTEGER PRIMARY KEY AUTOINCREMENT NOT NULL, "title" varchar(255), "rating" varchar(255), "description" text, "release_date" datetime, "created_at" datetime, "updated_at" datetime, "director" varchar(255)) [0m
  [1m[35m (18.6ms)[0m  CREATE TABLE "schema_migrations" ("version" varchar(255) NOT NULL) 
  [1m[36m (0.1ms)[0m  [1mPRAGMA index_list("schema_migrations")[0m
  [1m[35m (27.3ms)[0m  CREATE UNIQUE INDEX "unique_schema_migrations" ON "schema_migrations" ("version")
  [1m[36m (0.1ms)[0m  [1mSELECT version FROM "schema_migrations"[0m
  [1m[35m (15.7ms)[0m  INSERT INTO "schema_migrations" (version) VALUES ('20120818193635')
  [1m[36m (15.2ms)[0m  [1mINSERT INTO "schema_migrations" (version) VALUES ('20111119180638')[0m
  [1m[35m (10.6ms)[0m  INSERT INTO "schema_migrations" (version) VALUES ('20120130161449')
  [1m[36m (0.1ms)[0m  [1mSELECT "schema_migrations"."version" FROM "schema_migrations" [0m
  [1m[35m (0.3ms)[0m  select sqlite_version(*)
  [1m[36m (41.6ms)[0m  [1mCREATE TABLE "movies" ("id" INTEGER PRIMARY KEY AUTOINCREMENT NOT NULL, "title" varchar(255), "rating" varchar(255), "description" text, "release_date" datetime, "created_at" datetime, "updated_at" datetime, "director" varchar(255)) [0m
  [1m[35m (23.2ms)[0m  CREATE TABLE "schema_migrations" ("version" varchar(255) NOT NULL) 
  [1m[36m (0.1ms)[0m  [1mPRAGMA index_list("schema_migrations")[0m
  [1m[35m (23.5ms)[0m  CREATE UNIQUE INDEX "unique_schema_migrations" ON "schema_migrations" ("version")
  [1m[36m (0.1ms)[0m  [1mSELECT version FROM "schema_migrations"[0m
  [1m[35m (15.6ms)[0m  INSERT INTO "schema_migrations" (version) VALUES ('20120818193635')
  [1m[36m (23.4ms)[0m  [1mINSERT INTO "schema_migrations" (version) VALUES ('20111119180638')[0m
  [1m[35m (19.3ms)[0m  INSERT INTO "schema_migrations" (version) VALUES ('20120130161449')
  [1m[36m (0.1ms)[0m  [1mSELECT "schema_migrations"."version" FROM "schema_migrations" [0m
  [1m[35m (0.3ms)[0m  select sqlite_version(*)
  [1m[36m (64.7ms)[0m  [1mCREATE TABLE "movies" ("id" INTEGER PRIMARY KEY AUTOINCREMENT NOT NULL, "title" varchar(255), "rating" varchar(255), "description" text, "release_date" datetime, "created_at" datetime, "updated_at" datetime, "director" varchar(255)) [0m
  [1m[35m (34.2ms)[0m  CREATE TABLE "schema_migrations" ("version" varchar(255) NOT NULL) 
  [1m[36m (0.1ms)[0m  [1mPRAGMA index_list("schema_migrations")[0m
  [1m[35m (23.5ms)[0m  CREATE UNIQUE INDEX "unique_schema_migrations" ON "schema_migrations" ("version")
  [1m[36m (0.1ms)[0m  [1mSELECT version FROM "schema_migrations"[0m
  [1m[35m (15.6ms)[0m  INSERT INTO "schema_migrations" (version) VALUES ('20120818193635')
  [1m[36m (23.3ms)[0m  [1mINSERT INTO "schema_migrations" (version) VALUES ('20111119180638')[0m
  [1m[35m (31.8ms)[0m  INSERT INTO "schema_migrations" (version) VALUES ('20120130161449')
  [1m[36m (0.1ms)[0m  [1mSELECT "schema_migrations"."version" FROM "schema_migrations" [0m
  [1m[35m (0.3ms)[0m  select sqlite_version(*)
  [1m[36m (31.3ms)[0m  [1mCREATE TABLE "movies" ("id" INTEGER PRIMARY KEY AUTOINCREMENT NOT NULL, "title" varchar(255), "rating" varchar(255), "description" text, "release_date" datetime, "created_at" datetime, "updated_at" datetime, "director" varchar(255)) [0m
  [1m[35m (23.9ms)[0m  CREATE TABLE "schema_migrations" ("version" varchar(255) NOT NULL) 
  [1m[36m (0.1ms)[0m  [1mPRAGMA index_list("schema_migrations")[0m
  [1m[35m (19.5ms)[0m  CREATE UNIQUE INDEX "unique_schema_migrations" ON "schema_migrations" ("version")
  [1m[36m (0.1ms)[0m  [1mSELECT version FROM "schema_migrations"[0m
  [1m[35m (45.3ms)[0m  INSERT INTO "schema_migrations" (version) VALUES ('20120818193635')
  [1m[36m (22.1ms)[0m  [1mINSERT INTO "schema_migrations" (version) VALUES ('20111119180638')[0m
  [1m[35m (26.1ms)[0m  INSERT INTO "schema_migrations" (version) VALUES ('20120130161449')
  [1m[36m (0.2ms)[0m  [1mSELECT "schema_migrations"."version" FROM "schema_migrations" [0m
  [1m[35m (0.3ms)[0m  select sqlite_version(*)
  [1m[36m (41.1ms)[0m  [1mCREATE TABLE "movies" ("id" INTEGER PRIMARY KEY AUTOINCREMENT NOT NULL, "title" varchar(255), "rating" varchar(255), "description" text, "release_date" datetime, "created_at" datetime, "updated_at" datetime, "director" varchar(255)) [0m
  [1m[35m (12.2ms)[0m  CREATE TABLE "schema_migrations" ("version" varchar(255) NOT NULL) 
  [1m[36m (0.1ms)[0m  [1mPRAGMA index_list("schema_migrations")[0m
  [1m[35m (14.7ms)[0m  CREATE UNIQUE INDEX "unique_schema_migrations" ON "schema_migrations" ("version")
  [1m[36m (0.1ms)[0m  [1mSELECT version FROM "schema_migrations"[0m
  [1m[35m (10.2ms)[0m  INSERT INTO "schema_migrations" (version) VALUES ('20120818193635')
  [1m[36m (17.0ms)[0m  [1mINSERT INTO "schema_migrations" (version) VALUES ('20111119180638')[0m
  [1m[35m (19.7ms)[0m  INSERT INTO "schema_migrations" (version) VALUES ('20120130161449')
  [1m[36m (0.1ms)[0m  [1mSELECT "schema_migrations"."version" FROM "schema_migrations" [0m
  [1m[35m (0.3ms)[0m  select sqlite_version(*)
  [1m[36m (22.7ms)[0m  [1mCREATE TABLE "movies" ("id" INTEGER PRIMARY KEY AUTOINCREMENT NOT NULL, "title" varchar(255), "rating" varchar(255), "description" text, "release_date" datetime, "created_at" datetime, "updated_at" datetime, "director" varchar(255)) [0m
  [1m[35m (21.0ms)[0m  CREATE TABLE "schema_migrations" ("version" varchar(255) NOT NULL) 
  [1m[36m (0.3ms)[0m  [1mPRAGMA index_list("schema_migrations")[0m
  [1m[35m (16.8ms)[0m  CREATE UNIQUE INDEX "unique_schema_migrations" ON "schema_migrations" ("version")
  [1m[36m (0.1ms)[0m  [1mSELECT version FROM "schema_migrations"[0m
  [1m[35m (24.1ms)[0m  INSERT INTO "schema_migrations" (version) VALUES ('20120818193635')
  [1m[36m (16.6ms)[0m  [1mINSERT INTO "schema_migrations" (version) VALUES ('20111119180638')[0m
  [1m[35m (15.7ms)[0m  INSERT INTO "schema_migrations" (version) VALUES ('20120130161449')


Started GET "/movies" for 127.0.0.1 at 2012-08-18 20:24:50 +0000
  Processing by MoviesController#index as HTML
Redirected to http://localhost:3000/movies?ratings%5BG%5D=1&ratings%5BNC-17%5D=1&ratings%5BPG%5D=1&ratings%5BPG-13%5D=1&ratings%5BR%5D=1
Completed 302 Found in 1ms


Started GET "/movies?ratings%5BG%5D=1&ratings%5BNC-17%5D=1&ratings%5BPG%5D=1&ratings%5BPG-13%5D=1&ratings%5BR%5D=1" for 127.0.0.1 at 2012-08-18 20:24:50 +0000
  Processing by MoviesController#index as HTML
  Parameters: {"ratings"=>{"G"=>"1", "NC-17"=>"1", "PG"=>"1", "PG-13"=>"1", "R"=>"1"}}
  [1m[36mMovie Load (0.3ms)[0m  [1mSELECT "movies".* FROM "movies" WHERE "movies"."rating" IN ('G', 'NC-17', 'PG', 'PG-13', 'R')[0m
Rendered movies/index.html.haml within layouts/application (448.2ms)
Completed 200 OK in 457ms (Views: 454.0ms | ActiveRecord: 0.7ms)


Started GET "/assets/application.js?body=1" for 127.0.0.1 at 2012-08-18 20:24:52 +0000
Served asset /application.js - 304 Not Modified (0ms)


Started GET "/assets/application.css?body=1" for 127.0.0.1 at 2012-08-18 20:24:52 +0000
Served asset /application.css - 304 Not Modified (0ms)


Started GET "/movies/1" for 127.0.0.1 at 2012-08-18 20:25:00 +0000
  Processing by MoviesController#show as HTML
  Parameters: {"id"=>"1"}
  [1m[35mMovie Load (0.2ms)[0m  SELECT "movies".* FROM "movies" WHERE "movies"."id" = ? LIMIT 1  [["id", "1"]]
Rendered movies/show.html.haml within layouts/application (28.8ms)
Completed 200 OK in 54ms (Views: 51.3ms | ActiveRecord: 0.6ms)


Started GET "/assets/application.js?body=1" for 127.0.0.1 at 2012-08-18 20:25:01 +0000
Served asset /application.js - 304 Not Modified (5ms)


Started GET "/assets/application.css?body=1" for 127.0.0.1 at 2012-08-18 20:25:01 +0000
Served asset /application.css - 304 Not Modified (0ms)


Started GET "/movies/1/edit" for 127.0.0.1 at 2012-08-18 20:25:03 +0000
  Processing by MoviesController#edit as HTML
  Parameters: {"id"=>"1"}
  [1m[36mMovie Load (0.2ms)[0m  [1mSELECT "movies".* FROM "movies" WHERE "movies"."id" = ? LIMIT 1[0m  [["id", "1"]]
Rendered movies/edit.html.haml within layouts/application (30.0ms)
Completed 200 OK in 42ms (Views: 39.8ms | ActiveRecord: 0.6ms)


Started GET "/assets/application.css?body=1" for 127.0.0.1 at 2012-08-18 20:25:03 +0000
Served asset /application.css - 304 Not Modified (0ms)


Started GET "/assets/application.js?body=1" for 127.0.0.1 at 2012-08-18 20:25:03 +0000
Served asset /application.js - 304 Not Modified (0ms)


Started GET "/movies" for 127.0.0.1 at 2012-08-18 20:25:18 +0000
  Processing by MoviesController#index as HTML
Redirected to http://localhost:3000/movies?ratings%5BG%5D=1&ratings%5BNC-17%5D=1&ratings%5BPG%5D=1&ratings%5BPG-13%5D=1&ratings%5BR%5D=1
Completed 302 Found in 2ms


Started GET "/movies?ratings%5BG%5D=1&ratings%5BNC-17%5D=1&ratings%5BPG%5D=1&ratings%5BPG-13%5D=1&ratings%5BR%5D=1" for 127.0.0.1 at 2012-08-18 20:25:18 +0000
  Processing by MoviesController#index as HTML
  Parameters: {"ratings"=>{"G"=>"1", "NC-17"=>"1", "PG"=>"1", "PG-13"=>"1", "R"=>"1"}}
  [1m[35mMovie Load (0.3ms)[0m  SELECT "movies".* FROM "movies" WHERE "movies"."rating" IN ('G', 'NC-17', 'PG', 'PG-13', 'R')
Rendered movies/index.html.haml within layouts/application (19.0ms)
Completed 200 OK in 28ms (Views: 25.5ms | ActiveRecord: 0.7ms)


Started GET "/assets/application.css?body=1" for 127.0.0.1 at 2012-08-18 20:25:18 +0000
Served asset /application.css - 304 Not Modified (0ms)


Started GET "/assets/application.js?body=1" for 127.0.0.1 at 2012-08-18 20:25:18 +0000
Served asset /application.js - 304 Not Modified (0ms)


Started GET "/movies?utf8=%E2%9C%93&commit=Refresh" for 127.0.0.1 at 2012-08-18 20:25:30 +0000
  Processing by MoviesController#index as HTML
  Parameters: {"utf8"=>"✓", "commit"=>"Refresh"}
Redirected to http://localhost:3000/movies?ratings%5BG%5D=1&ratings%5BNC-17%5D=1&ratings%5BPG%5D=1&ratings%5BPG-13%5D=1&ratings%5BR%5D=1
Completed 302 Found in 1ms


Started GET "/movies?ratings%5BG%5D=1&ratings%5BNC-17%5D=1&ratings%5BPG%5D=1&ratings%5BPG-13%5D=1&ratings%5BR%5D=1" for 127.0.0.1 at 2012-08-18 20:25:30 +0000
  Processing by MoviesController#index as HTML
  Parameters: {"ratings"=>{"G"=>"1", "NC-17"=>"1", "PG"=>"1", "PG-13"=>"1", "R"=>"1"}}
  [1m[36mMovie Load (0.3ms)[0m  [1mSELECT "movies".* FROM "movies" WHERE "movies"."rating" IN ('G', 'NC-17', 'PG', 'PG-13', 'R')[0m
Rendered movies/index.html.haml within layouts/application (96.1ms)
Completed 200 OK in 107ms (Views: 103.3ms | ActiveRecord: 0.7ms)


Started GET "/assets/application.css?body=1" for 127.0.0.1 at 2012-08-18 20:25:31 +0000
Served asset /application.css - 304 Not Modified (0ms)


Started GET "/assets/application.js?body=1" for 127.0.0.1 at 2012-08-18 20:25:31 +0000
Served asset /application.js - 304 Not Modified (0ms)


Started GET "/movies?utf8=%E2%9C%93&commit=Refresh" for 127.0.0.1 at 2012-08-18 20:25:37 +0000
  Processing by MoviesController#index as HTML
  Parameters: {"utf8"=>"✓", "commit"=>"Refresh"}
Redirected to http://localhost:3000/movies?ratings%5BG%5D=1&ratings%5BNC-17%5D=1&ratings%5BPG%5D=1&ratings%5BPG-13%5D=1&ratings%5BR%5D=1
Completed 302 Found in 1ms


Started GET "/movies?ratings%5BG%5D=1&ratings%5BNC-17%5D=1&ratings%5BPG%5D=1&ratings%5BPG-13%5D=1&ratings%5BR%5D=1" for 127.0.0.1 at 2012-08-18 20:25:38 +0000
  Processing by MoviesController#index as HTML
  Parameters: {"ratings"=>{"G"=>"1", "NC-17"=>"1", "PG"=>"1", "PG-13"=>"1", "R"=>"1"}}
  [1m[35mMovie Load (0.4ms)[0m  SELECT "movies".* FROM "movies" WHERE "movies"."rating" IN ('G', 'NC-17', 'PG', 'PG-13', 'R')
Rendered movies/index.html.haml within layouts/application (18.2ms)
Completed 200 OK in 28ms (Views: 25.4ms | ActiveRecord: 0.8ms)


Started GET "/assets/application.js?body=1" for 127.0.0.1 at 2012-08-18 20:25:38 +0000
Served asset /application.js - 304 Not Modified (0ms)


Started GET "/assets/application.css?body=1" for 127.0.0.1 at 2012-08-18 20:25:38 +0000
Served asset /application.css - 304 Not Modified (0ms)


Started GET "/movies" for 127.0.0.1 at 2012-08-18 20:25:45 +0000
  Processing by MoviesController#index as HTML
Redirected to http://localhost:3000/movies?ratings%5BG%5D=1&ratings%5BNC-17%5D=1&ratings%5BPG%5D=1&ratings%5BPG-13%5D=1&ratings%5BR%5D=1
Completed 302 Found in 1ms


Started GET "/movies?ratings%5BG%5D=1&ratings%5BNC-17%5D=1&ratings%5BPG%5D=1&ratings%5BPG-13%5D=1&ratings%5BR%5D=1" for 127.0.0.1 at 2012-08-18 20:25:45 +0000
  Processing by MoviesController#index as HTML
  Parameters: {"ratings"=>{"G"=>"1", "NC-17"=>"1", "PG"=>"1", "PG-13"=>"1", "R"=>"1"}}
  [1m[36mMovie Load (0.3ms)[0m  [1mSELECT "movies".* FROM "movies" WHERE "movies"."rating" IN ('G', 'NC-17', 'PG', 'PG-13', 'R')[0m
Rendered movies/index.html.haml within layouts/application (18.2ms)
Completed 200 OK in 26ms (Views: 23.8ms | ActiveRecord: 0.7ms)


Started GET "/assets/application.js?body=1" for 127.0.0.1 at 2012-08-18 20:25:45 +0000
Served asset /application.js - 304 Not Modified (1ms)


Started GET "/assets/application.css?body=1" for 127.0.0.1 at 2012-08-18 20:25:46 +0000
Served asset /application.css - 304 Not Modified (0ms)


Started GET "/movies/1" for 127.0.0.1 at 2012-08-18 20:26:58 +0000
  Processing by MoviesController#show as HTML
  Parameters: {"id"=>"1"}
  [1m[35mMovie Load (0.2ms)[0m  SELECT "movies".* FROM "movies" WHERE "movies"."id" = ? LIMIT 1  [["id", "1"]]
Rendered movies/show.html.haml within layouts/application (9.9ms)
Completed 200 OK in 18ms (Views: 15.9ms | ActiveRecord: 0.6ms)


Started GET "/assets/application.js?body=1" for 127.0.0.1 at 2012-08-18 20:26:58 +0000
Served asset /application.js - 304 Not Modified (0ms)


Started GET "/assets/application.css?body=1" for 127.0.0.1 at 2012-08-18 20:26:58 +0000
Served asset /application.css - 304 Not Modified (0ms)


Started GET "/movies/6" for 127.0.0.1 at 2012-08-18 20:27:02 +0000
  Processing by MoviesController#show as HTML
  Parameters: {"id"=>"6"}
  [1m[36mMovie Load (0.2ms)[0m  [1mSELECT "movies".* FROM "movies" WHERE "movies"."id" = ? LIMIT 1[0m  [["id", "6"]]
Rendered movies/show.html.haml within layouts/application (16.5ms)
Completed 200 OK in 175ms (Views: 173.2ms | ActiveRecord: 0.6ms)


Started GET "/assets/application.js?body=1" for 127.0.0.1 at 2012-08-18 20:27:02 +0000
Served asset /application.js - 304 Not Modified (0ms)


Started GET "/assets/application.css?body=1" for 127.0.0.1 at 2012-08-18 20:27:02 +0000
Served asset /application.css - 304 Not Modified (0ms)


Started GET "/movies/14" for 127.0.0.1 at 2012-08-18 20:27:13 +0000
  Processing by MoviesController#show as HTML
  Parameters: {"id"=>"14"}
  [1m[35mMovie Load (0.2ms)[0m  SELECT "movies".* FROM "movies" WHERE "movies"."id" = ? LIMIT 1  [["id", "14"]]
Rendered movies/show.html.haml within layouts/application (7.8ms)
Completed 200 OK in 15ms (Views: 13.1ms | ActiveRecord: 0.5ms)


Started GET "/assets/application.js?body=1" for 127.0.0.1 at 2012-08-18 20:27:13 +0000
Served asset /application.js - 304 Not Modified (0ms)


Started GET "/assets/application.css?body=1" for 127.0.0.1 at 2012-08-18 20:27:13 +0000
Served asset /application.css - 304 Not Modified (0ms)


Started GET "/movies/14/edit" for 127.0.0.1 at 2012-08-18 20:27:18 +0000
  Processing by MoviesController#edit as HTML
  Parameters: {"id"=>"14"}
  [1m[36mMovie Load (0.2ms)[0m  [1mSELECT "movies".* FROM "movies" WHERE "movies"."id" = ? LIMIT 1[0m  [["id", "14"]]
Rendered movies/edit.html.haml within layouts/application (14.3ms)
Completed 200 OK in 22ms (Views: 20.1ms | ActiveRecord: 0.6ms)


Started GET "/assets/application.css?body=1" for 127.0.0.1 at 2012-08-18 20:27:19 +0000
Served asset /application.css - 304 Not Modified (0ms)


Started GET "/assets/application.js?body=1" for 127.0.0.1 at 2012-08-18 20:27:19 +0000
Served asset /application.js - 304 Not Modified (0ms)
  [1m[36m (0.3ms)[0m  [1mSELECT "schema_migrations"."version" FROM "schema_migrations" [0m
  [1m[35m (1.2ms)[0m  select sqlite_version(*)
  [1m[36m (18.8ms)[0m  [1mCREATE TABLE "movies" ("id" INTEGER PRIMARY KEY AUTOINCREMENT NOT NULL, "title" varchar(255), "rating" varchar(255), "description" text, "release_date" datetime, "created_at" datetime, "updated_at" datetime, "director" varchar(255)) [0m
  [1m[35m (8.8ms)[0m  CREATE TABLE "schema_migrations" ("version" varchar(255) NOT NULL) 
  [1m[36m (0.1ms)[0m  [1mPRAGMA index_list("schema_migrations")[0m
  [1m[35m (11.3ms)[0m  CREATE UNIQUE INDEX "unique_schema_migrations" ON "schema_migrations" ("version")
  [1m[36m (0.2ms)[0m  [1mSELECT version FROM "schema_migrations"[0m
  [1m[35m (8.5ms)[0m  INSERT INTO "schema_migrations" (version) VALUES ('20120818193635')
  [1m[36m (8.5ms)[0m  [1mINSERT INTO "schema_migrations" (version) VALUES ('20111119180638')[0m
  [1m[35m (8.0ms)[0m  INSERT INTO "schema_migrations" (version) VALUES ('20120130161449')
  [1m[36m (0.1ms)[0m  [1mSELECT "schema_migrations"."version" FROM "schema_migrations" [0m
  [1m[35m (0.3ms)[0m  select sqlite_version(*)
  [1m[36m (26.2ms)[0m  [1mCREATE TABLE "movies" ("id" INTEGER PRIMARY KEY AUTOINCREMENT NOT NULL, "title" varchar(255), "rating" varchar(255), "description" text, "release_date" datetime, "created_at" datetime, "updated_at" datetime, "director" varchar(255)) [0m
  [1m[35m (9.9ms)[0m  CREATE TABLE "schema_migrations" ("version" varchar(255) NOT NULL) 
  [1m[36m (0.1ms)[0m  [1mPRAGMA index_list("schema_migrations")[0m
  [1m[35m (16.1ms)[0m  CREATE UNIQUE INDEX "unique_schema_migrations" ON "schema_migrations" ("version")
  [1m[36m (0.1ms)[0m  [1mSELECT version FROM "schema_migrations"[0m
  [1m[35m (9.5ms)[0m  INSERT INTO "schema_migrations" (version) VALUES ('20120818193635')
  [1m[36m (10.1ms)[0m  [1mINSERT INTO "schema_migrations" (version) VALUES ('20111119180638')[0m
  [1m[35m (10.6ms)[0m  INSERT INTO "schema_migrations" (version) VALUES ('20120130161449')
  [1m[36m (0.1ms)[0m  [1mSELECT "schema_migrations"."version" FROM "schema_migrations" [0m
  [1m[35m (0.3ms)[0m  select sqlite_version(*)
  [1m[36m (39.3ms)[0m  [1mCREATE TABLE "movies" ("id" INTEGER PRIMARY KEY AUTOINCREMENT NOT NULL, "title" varchar(255), "rating" varchar(255), "description" text, "release_date" datetime, "created_at" datetime, "updated_at" datetime, "director" varchar(255)) [0m
  [1m[35m (12.7ms)[0m  CREATE TABLE "schema_migrations" ("version" varchar(255) NOT NULL) 
  [1m[36m (0.1ms)[0m  [1mPRAGMA index_list("schema_migrations")[0m
  [1m[35m (31.5ms)[0m  CREATE UNIQUE INDEX "unique_schema_migrations" ON "schema_migrations" ("version")
  [1m[36m (0.1ms)[0m  [1mSELECT version FROM "schema_migrations"[0m
  [1m[35m (15.4ms)[0m  INSERT INTO "schema_migrations" (version) VALUES ('20120818193635')
  [1m[36m (15.9ms)[0m  [1mINSERT INTO "schema_migrations" (version) VALUES ('20111119180638')[0m
  [1m[35m (24.0ms)[0m  INSERT INTO "schema_migrations" (version) VALUES ('20120130161449')
  [1m[36m (0.2ms)[0m  [1mSELECT "schema_migrations"."version" FROM "schema_migrations" [0m
  [1m[35m (0.3ms)[0m  select sqlite_version(*)
  [1m[36m (32.4ms)[0m  [1mCREATE TABLE "movies" ("id" INTEGER PRIMARY KEY AUTOINCREMENT NOT NULL, "title" varchar(255), "rating" varchar(255), "description" text, "release_date" datetime, "created_at" datetime, "updated_at" datetime, "director" varchar(255)) [0m
  [1m[35m (13.9ms)[0m  CREATE TABLE "schema_migrations" ("version" varchar(255) NOT NULL) 
  [1m[36m (0.1ms)[0m  [1mPRAGMA index_list("schema_migrations")[0m
  [1m[35m (24.9ms)[0m  CREATE UNIQUE INDEX "unique_schema_migrations" ON "schema_migrations" ("version")
  [1m[36m (0.1ms)[0m  [1mSELECT version FROM "schema_migrations"[0m
  [1m[35m (12.6ms)[0m  INSERT INTO "schema_migrations" (version) VALUES ('20120818193635')
  [1m[36m (17.8ms)[0m  [1mINSERT INTO "schema_migrations" (version) VALUES ('20111119180638')[0m
  [1m[35m (23.8ms)[0m  INSERT INTO "schema_migrations" (version) VALUES ('20120130161449')
  [1m[36m (0.1ms)[0m  [1mSELECT "schema_migrations"."version" FROM "schema_migrations" [0m
  [1m[35m (0.3ms)[0m  select sqlite_version(*)
  [1m[36m (30.1ms)[0m  [1mCREATE TABLE "movies" ("id" INTEGER PRIMARY KEY AUTOINCREMENT NOT NULL, "title" varchar(255), "rating" varchar(255), "description" text, "release_date" datetime, "created_at" datetime, "updated_at" datetime, "director" varchar(255)) [0m
  [1m[35m (10.2ms)[0m  CREATE TABLE "schema_migrations" ("version" varchar(255) NOT NULL) 
  [1m[36m (0.1ms)[0m  [1mPRAGMA index_list("schema_migrations")[0m
  [1m[35m (23.8ms)[0m  CREATE UNIQUE INDEX "unique_schema_migrations" ON "schema_migrations" ("version")
  [1m[36m (0.1ms)[0m  [1mSELECT version FROM "schema_migrations"[0m
  [1m[35m (11.7ms)[0m  INSERT INTO "schema_migrations" (version) VALUES ('20120818193635')
  [1m[36m (14.5ms)[0m  [1mINSERT INTO "schema_migrations" (version) VALUES ('20111119180638')[0m
  [1m[35m (19.9ms)[0m  INSERT INTO "schema_migrations" (version) VALUES ('20120130161449')
  [1m[36m (0.1ms)[0m  [1mSELECT "schema_migrations"."version" FROM "schema_migrations" [0m
  [1m[35m (0.2ms)[0m  select sqlite_version(*)
  [1m[36m (30.1ms)[0m  [1mCREATE TABLE "movies" ("id" INTEGER PRIMARY KEY AUTOINCREMENT NOT NULL, "title" varchar(255), "rating" varchar(255), "description" text, "release_date" datetime, "created_at" datetime, "updated_at" datetime, "director" varchar(255)) [0m
  [1m[35m (19.1ms)[0m  CREATE TABLE "schema_migrations" ("version" varchar(255) NOT NULL) 
  [1m[36m (0.0ms)[0m  [1mPRAGMA index_list("schema_migrations")[0m
  [1m[35m (32.6ms)[0m  CREATE UNIQUE INDEX "unique_schema_migrations" ON "schema_migrations" ("version")
  [1m[36m (0.1ms)[0m  [1mSELECT version FROM "schema_migrations"[0m
  [1m[35m (22.8ms)[0m  INSERT INTO "schema_migrations" (version) VALUES ('20120818193635')
  [1m[36m (27.2ms)[0m  [1mINSERT INTO "schema_migrations" (version) VALUES ('20111119180638')[0m
  [1m[35m (16.1ms)[0m  INSERT INTO "schema_migrations" (version) VALUES ('20120130161449')
  [1m[36m (0.1ms)[0m  [1mSELECT "schema_migrations"."version" FROM "schema_migrations" [0m
  [1m[35m (0.3ms)[0m  select sqlite_version(*)
  [1m[36m (37.9ms)[0m  [1mCREATE TABLE "movies" ("id" INTEGER PRIMARY KEY AUTOINCREMENT NOT NULL, "title" varchar(255), "rating" varchar(255), "description" text, "release_date" datetime, "created_at" datetime, "updated_at" datetime, "director" varchar(255)) [0m
  [1m[35m (12.6ms)[0m  CREATE TABLE "schema_migrations" ("version" varchar(255) NOT NULL) 
  [1m[36m (0.1ms)[0m  [1mPRAGMA index_list("schema_migrations")[0m
  [1m[35m (30.2ms)[0m  CREATE UNIQUE INDEX "unique_schema_migrations" ON "schema_migrations" ("version")
  [1m[36m (0.1ms)[0m  [1mSELECT version FROM "schema_migrations"[0m
  [1m[35m (23.6ms)[0m  INSERT INTO "schema_migrations" (version) VALUES ('20120818193635')
  [1m[36m (23.7ms)[0m  [1mINSERT INTO "schema_migrations" (version) VALUES ('20111119180638')[0m
  [1m[35m (23.7ms)[0m  INSERT INTO "schema_migrations" (version) VALUES ('20120130161449')
  [1m[36m (0.1ms)[0m  [1mSELECT "schema_migrations"."version" FROM "schema_migrations" [0m
  [1m[35m (0.3ms)[0m  select sqlite_version(*)
  [1m[36m (28.6ms)[0m  [1mCREATE TABLE "movies" ("id" INTEGER PRIMARY KEY AUTOINCREMENT NOT NULL, "title" varchar(255), "rating" varchar(255), "description" text, "release_date" datetime, "created_at" datetime, "updated_at" datetime, "director" varchar(255)) [0m
  [1m[35m (18.4ms)[0m  CREATE TABLE "schema_migrations" ("version" varchar(255) NOT NULL) 
  [1m[36m (0.1ms)[0m  [1mPRAGMA index_list("schema_migrations")[0m
  [1m[35m (32.2ms)[0m  CREATE UNIQUE INDEX "unique_schema_migrations" ON "schema_migrations" ("version")
  [1m[36m (0.1ms)[0m  [1mSELECT version FROM "schema_migrations"[0m
  [1m[35m (15.3ms)[0m  INSERT INTO "schema_migrations" (version) VALUES ('20120818193635')
  [1m[36m (19.7ms)[0m  [1mINSERT INTO "schema_migrations" (version) VALUES ('20111119180638')[0m
  [1m[35m (11.7ms)[0m  INSERT INTO "schema_migrations" (version) VALUES ('20120130161449')
  [1m[36m (0.1ms)[0m  [1mSELECT "schema_migrations"."version" FROM "schema_migrations" [0m
  [1m[35m (0.3ms)[0m  select sqlite_version(*)
  [1m[36m (35.6ms)[0m  [1mCREATE TABLE "movies" ("id" INTEGER PRIMARY KEY AUTOINCREMENT NOT NULL, "title" varchar(255), "rating" varchar(255), "description" text, "release_date" datetime, "created_at" datetime, "updated_at" datetime, "director" varchar(255)) [0m
  [1m[35m (23.2ms)[0m  CREATE TABLE "schema_migrations" ("version" varchar(255) NOT NULL) 
  [1m[36m (0.0ms)[0m  [1mPRAGMA index_list("schema_migrations")[0m
  [1m[35m (31.9ms)[0m  CREATE UNIQUE INDEX "unique_schema_migrations" ON "schema_migrations" ("version")
  [1m[36m (0.1ms)[0m  [1mSELECT version FROM "schema_migrations"[0m
  [1m[35m (23.0ms)[0m  INSERT INTO "schema_migrations" (version) VALUES ('20120818193635')
  [1m[36m (23.8ms)[0m  [1mINSERT INTO "schema_migrations" (version) VALUES ('20111119180638')[0m
  [1m[35m (20.6ms)[0m  INSERT INTO "schema_migrations" (version) VALUES ('20120130161449')
  [1m[36m (0.1ms)[0m  [1mSELECT "schema_migrations"."version" FROM "schema_migrations" [0m
  [1m[35m (0.2ms)[0m  select sqlite_version(*)
  [1m[36m (45.9ms)[0m  [1mCREATE TABLE "movies" ("id" INTEGER PRIMARY KEY AUTOINCREMENT NOT NULL, "title" varchar(255), "rating" varchar(255), "description" text, "release_date" datetime, "created_at" datetime, "updated_at" datetime, "director" varchar(255)) [0m
  [1m[35m (23.9ms)[0m  CREATE TABLE "schema_migrations" ("version" varchar(255) NOT NULL) 
  [1m[36m (0.0ms)[0m  [1mPRAGMA index_list("schema_migrations")[0m
  [1m[35m (27.3ms)[0m  CREATE UNIQUE INDEX "unique_schema_migrations" ON "schema_migrations" ("version")
  [1m[36m (0.1ms)[0m  [1mSELECT version FROM "schema_migrations"[0m
  [1m[35m (24.1ms)[0m  INSERT INTO "schema_migrations" (version) VALUES ('20120818193635')
  [1m[36m (15.2ms)[0m  [1mINSERT INTO "schema_migrations" (version) VALUES ('20111119180638')[0m
  [1m[35m (11.5ms)[0m  INSERT INTO "schema_migrations" (version) VALUES ('20120130161449')
  [1m[36m (0.2ms)[0m  [1mSELECT "schema_migrations"."version" FROM "schema_migrations" [0m
  [1m[35m (0.3ms)[0m  select sqlite_version(*)
  [1m[36m (49.6ms)[0m  [1mCREATE TABLE "movies" ("id" INTEGER PRIMARY KEY AUTOINCREMENT NOT NULL, "title" varchar(255), "rating" varchar(255), "description" text, "release_date" datetime, "created_at" datetime, "updated_at" datetime, "director" varchar(255)) [0m
  [1m[35m (25.7ms)[0m  CREATE TABLE "schema_migrations" ("version" varchar(255) NOT NULL) 
  [1m[36m (0.1ms)[0m  [1mPRAGMA index_list("schema_migrations")[0m
  [1m[35m (20.6ms)[0m  CREATE UNIQUE INDEX "unique_schema_migrations" ON "schema_migrations" ("version")
  [1m[36m (0.1ms)[0m  [1mSELECT version FROM "schema_migrations"[0m
  [1m[35m (21.7ms)[0m  INSERT INTO "schema_migrations" (version) VALUES ('20120818193635')
  [1m[36m (40.0ms)[0m  [1mINSERT INTO "schema_migrations" (version) VALUES ('20111119180638')[0m
  [1m[35m (24.9ms)[0m  INSERT INTO "schema_migrations" (version) VALUES ('20120130161449')


Started GET "/movies" for 127.0.0.1 at 2012-08-18 23:21:37 +0000
  Processing by MoviesController#index as HTML
Redirected to http://localhost:3000/movies?ratings%5BG%5D=1&ratings%5BNC-17%5D=1&ratings%5BPG%5D=1&ratings%5BPG-13%5D=1&ratings%5BR%5D=1
Completed 302 Found in 1ms


Started GET "/movies?ratings%5BG%5D=1&ratings%5BNC-17%5D=1&ratings%5BPG%5D=1&ratings%5BPG-13%5D=1&ratings%5BR%5D=1" for 127.0.0.1 at 2012-08-18 23:21:39 +0000
  Processing by MoviesController#index as HTML
  Parameters: {"ratings"=>{"G"=>"1", "NC-17"=>"1", "PG"=>"1", "PG-13"=>"1", "R"=>"1"}}
  [1m[36mMovie Load (0.3ms)[0m  [1mSELECT "movies".* FROM "movies" WHERE "movies"."rating" IN ('G', 'NC-17', 'PG', 'PG-13', 'R')[0m
Rendered movies/index.html.haml within layouts/application (32.7ms)
Completed 200 OK in 221ms (Views: 207.8ms | ActiveRecord: 0.8ms)


Started GET "/assets/application.css?body=1" for 127.0.0.1 at 2012-08-18 23:21:39 +0000
Served asset /application.css - 304 Not Modified (0ms)


Started GET "/assets/application.js?body=1" for 127.0.0.1 at 2012-08-18 23:21:39 +0000
Served asset /application.js - 304 Not Modified (0ms)


Started GET "/movies/1" for 127.0.0.1 at 2012-08-18 23:21:42 +0000
  Processing by MoviesController#show as HTML
  Parameters: {"id"=>"1"}
  [1m[35mMovie Load (0.2ms)[0m  SELECT "movies".* FROM "movies" WHERE "movies"."id" = ? LIMIT 1  [["id", "1"]]
Rendered movies/show.html.haml within layouts/application (10.7ms)
Completed 200 OK in 18ms (Views: 15.7ms | ActiveRecord: 0.5ms)


Started GET "/assets/application.css?body=1" for 127.0.0.1 at 2012-08-18 23:21:42 +0000
Served asset /application.css - 304 Not Modified (0ms)


Started GET "/assets/application.js?body=1" for 127.0.0.1 at 2012-08-18 23:21:42 +0000
Served asset /application.js - 304 Not Modified (0ms)
  [1m[36m (0.1ms)[0m  [1mSELECT "schema_migrations"."version" FROM "schema_migrations" [0m
  [1m[35m (0.3ms)[0m  select sqlite_version(*)
  [1m[36m (29.5ms)[0m  [1mCREATE TABLE "movies" ("id" INTEGER PRIMARY KEY AUTOINCREMENT NOT NULL, "title" varchar(255), "rating" varchar(255), "description" text, "release_date" datetime, "created_at" datetime, "updated_at" datetime, "director" varchar(255)) [0m
  [1m[35m (8.8ms)[0m  CREATE TABLE "schema_migrations" ("version" varchar(255) NOT NULL) 
  [1m[36m (0.1ms)[0m  [1mPRAGMA index_list("schema_migrations")[0m
  [1m[35m (30.8ms)[0m  CREATE UNIQUE INDEX "unique_schema_migrations" ON "schema_migrations" ("version")
  [1m[36m (0.1ms)[0m  [1mSELECT version FROM "schema_migrations"[0m
  [1m[35m (23.5ms)[0m  INSERT INTO "schema_migrations" (version) VALUES ('20120818193635')
  [1m[36m (23.7ms)[0m  [1mINSERT INTO "schema_migrations" (version) VALUES ('20111119180638')[0m
  [1m[35m (23.9ms)[0m  INSERT INTO "schema_migrations" (version) VALUES ('20120130161449')
  [1m[36m (0.1ms)[0m  [1mSELECT "schema_migrations"."version" FROM "schema_migrations" [0m
  [1m[35m (0.3ms)[0m  select sqlite_version(*)
  [1m[36m (37.4ms)[0m  [1mCREATE TABLE "movies" ("id" INTEGER PRIMARY KEY AUTOINCREMENT NOT NULL, "title" varchar(255), "rating" varchar(255), "description" text, "release_date" datetime, "created_at" datetime, "updated_at" datetime, "director" varchar(255)) [0m
  [1m[35m (23.2ms)[0m  CREATE TABLE "schema_migrations" ("version" varchar(255) NOT NULL) 
  [1m[36m (0.1ms)[0m  [1mPRAGMA index_list("schema_migrations")[0m
  [1m[35m (22.9ms)[0m  CREATE UNIQUE INDEX "unique_schema_migrations" ON "schema_migrations" ("version")
  [1m[36m (0.1ms)[0m  [1mSELECT version FROM "schema_migrations"[0m
  [1m[35m (23.7ms)[0m  INSERT INTO "schema_migrations" (version) VALUES ('20120818193635')
  [1m[36m (8.9ms)[0m  [1mINSERT INTO "schema_migrations" (version) VALUES ('20111119180638')[0m
  [1m[35m (14.2ms)[0m  INSERT INTO "schema_migrations" (version) VALUES ('20120130161449')
  [1m[36m (0.1ms)[0m  [1mSELECT "schema_migrations"."version" FROM "schema_migrations" [0m
  [1m[35m (0.3ms)[0m  select sqlite_version(*)
  [1m[36m (36.0ms)[0m  [1mCREATE TABLE "movies" ("id" INTEGER PRIMARY KEY AUTOINCREMENT NOT NULL, "title" varchar(255), "rating" varchar(255), "description" text, "release_date" datetime, "created_at" datetime, "updated_at" datetime, "director" varchar(255)) [0m
  [1m[35m (14.1ms)[0m  CREATE TABLE "schema_migrations" ("version" varchar(255) NOT NULL) 
  [1m[36m (0.1ms)[0m  [1mPRAGMA index_list("schema_migrations")[0m
  [1m[35m (21.5ms)[0m  CREATE UNIQUE INDEX "unique_schema_migrations" ON "schema_migrations" ("version")
  [1m[36m (0.1ms)[0m  [1mSELECT version FROM "schema_migrations"[0m
  [1m[35m (25.8ms)[0m  INSERT INTO "schema_migrations" (version) VALUES ('20120818193635')
  [1m[36m (26.6ms)[0m  [1mINSERT INTO "schema_migrations" (version) VALUES ('20111119180638')[0m
  [1m[35m (13.2ms)[0m  INSERT INTO "schema_migrations" (version) VALUES ('20120130161449')
  [1m[36m (0.1ms)[0m  [1mSELECT "schema_migrations"."version" FROM "schema_migrations" [0m
  [1m[35m (0.3ms)[0m  select sqlite_version(*)
  [1m[36m (50.9ms)[0m  [1mCREATE TABLE "movies" ("id" INTEGER PRIMARY KEY AUTOINCREMENT NOT NULL, "title" varchar(255), "rating" varchar(255), "description" text, "release_date" datetime, "created_at" datetime, "updated_at" datetime, "director" varchar(255)) [0m
  [1m[35m (56.1ms)[0m  CREATE TABLE "schema_migrations" ("version" varchar(255) NOT NULL) 
  [1m[36m (0.1ms)[0m  [1mPRAGMA index_list("schema_migrations")[0m
  [1m[35m (23.9ms)[0m  CREATE UNIQUE INDEX "unique_schema_migrations" ON "schema_migrations" ("version")
  [1m[36m (0.1ms)[0m  [1mSELECT version FROM "schema_migrations"[0m
  [1m[35m (25.2ms)[0m  INSERT INTO "schema_migrations" (version) VALUES ('20120818193635')
  [1m[36m (14.3ms)[0m  [1mINSERT INTO "schema_migrations" (version) VALUES ('20111119180638')[0m
  [1m[35m (22.6ms)[0m  INSERT INTO "schema_migrations" (version) VALUES ('20120130161449')
  [1m[36m (0.1ms)[0m  [1mSELECT "schema_migrations"."version" FROM "schema_migrations" [0m
  [1m[35m (0.3ms)[0m  select sqlite_version(*)
  [1m[36m (24.5ms)[0m  [1mCREATE TABLE "movies" ("id" INTEGER PRIMARY KEY AUTOINCREMENT NOT NULL, "title" varchar(255), "rating" varchar(255), "description" text, "release_date" datetime, "created_at" datetime, "updated_at" datetime, "director" varchar(255)) [0m
  [1m[35m (25.1ms)[0m  CREATE TABLE "schema_migrations" ("version" varchar(255) NOT NULL) 
  [1m[36m (0.1ms)[0m  [1mPRAGMA index_list("schema_migrations")[0m
  [1m[35m (37.8ms)[0m  CREATE UNIQUE INDEX "unique_schema_migrations" ON "schema_migrations" ("version")
  [1m[36m (0.1ms)[0m  [1mSELECT version FROM "schema_migrations"[0m
  [1m[35m (15.1ms)[0m  INSERT INTO "schema_migrations" (version) VALUES ('20120818193635')
  [1m[36m (16.8ms)[0m  [1mINSERT INTO "schema_migrations" (version) VALUES ('20111119180638')[0m
  [1m[35m (30.7ms)[0m  INSERT INTO "schema_migrations" (version) VALUES ('20120130161449')
  [1m[36m (0.1ms)[0m  [1mSELECT "schema_migrations"."version" FROM "schema_migrations" [0m
  [1m[35m (0.3ms)[0m  select sqlite_version(*)
  [1m[36m (75.3ms)[0m  [1mCREATE TABLE "movies" ("id" INTEGER PRIMARY KEY AUTOINCREMENT NOT NULL, "title" varchar(255), "rating" varchar(255), "description" text, "release_date" datetime, "created_at" datetime, "updated_at" datetime, "director" varchar(255)) [0m
  [1m[35m (23.2ms)[0m  CREATE TABLE "schema_migrations" ("version" varchar(255) NOT NULL) 
  [1m[36m (0.1ms)[0m  [1mPRAGMA index_list("schema_migrations")[0m
  [1m[35m (25.5ms)[0m  CREATE UNIQUE INDEX "unique_schema_migrations" ON "schema_migrations" ("version")
  [1m[36m (0.1ms)[0m  [1mSELECT version FROM "schema_migrations"[0m
  [1m[35m (24.2ms)[0m  INSERT INTO "schema_migrations" (version) VALUES ('20120818193635')
  [1m[36m (24.8ms)[0m  [1mINSERT INTO "schema_migrations" (version) VALUES ('20111119180638')[0m
  [1m[35m (28.0ms)[0m  INSERT INTO "schema_migrations" (version) VALUES ('20120130161449')
  [1m[36m (0.1ms)[0m  [1mSELECT "schema_migrations"."version" FROM "schema_migrations" [0m
  [1m[35m (0.3ms)[0m  select sqlite_version(*)
  [1m[36m (23.9ms)[0m  [1mCREATE TABLE "movies" ("id" INTEGER PRIMARY KEY AUTOINCREMENT NOT NULL, "title" varchar(255), "rating" varchar(255), "description" text, "release_date" datetime, "created_at" datetime, "updated_at" datetime, "director" varchar(255)) [0m
  [1m[35m (8.7ms)[0m  CREATE TABLE "schema_migrations" ("version" varchar(255) NOT NULL) 
  [1m[36m (0.2ms)[0m  [1mPRAGMA index_list("schema_migrations")[0m
  [1m[35m (17.6ms)[0m  CREATE UNIQUE INDEX "unique_schema_migrations" ON "schema_migrations" ("version")
  [1m[36m (0.1ms)[0m  [1mSELECT version FROM "schema_migrations"[0m
  [1m[35m (23.0ms)[0m  INSERT INTO "schema_migrations" (version) VALUES ('20120818193635')
  [1m[36m (15.4ms)[0m  [1mINSERT INTO "schema_migrations" (version) VALUES ('20111119180638')[0m
  [1m[35m (16.7ms)[0m  INSERT INTO "schema_migrations" (version) VALUES ('20120130161449')
  [1m[36m (0.1ms)[0m  [1mSELECT "schema_migrations"."version" FROM "schema_migrations" [0m
  [1m[35m (0.3ms)[0m  select sqlite_version(*)
  [1m[36m (45.3ms)[0m  [1mCREATE TABLE "movies" ("id" INTEGER PRIMARY KEY AUTOINCREMENT NOT NULL, "title" varchar(255), "rating" varchar(255), "description" text, "release_date" datetime, "created_at" datetime, "updated_at" datetime, "director" varchar(255)) [0m
  [1m[35m (16.5ms)[0m  CREATE TABLE "schema_migrations" ("version" varchar(255) NOT NULL) 
  [1m[36m (0.1ms)[0m  [1mPRAGMA index_list("schema_migrations")[0m
  [1m[35m (47.4ms)[0m  CREATE UNIQUE INDEX "unique_schema_migrations" ON "schema_migrations" ("version")
  [1m[36m (0.1ms)[0m  [1mSELECT version FROM "schema_migrations"[0m
  [1m[35m (25.7ms)[0m  INSERT INTO "schema_migrations" (version) VALUES ('20120818193635')
  [1m[36m (95.1ms)[0m  [1mINSERT INTO "schema_migrations" (version) VALUES ('20111119180638')[0m
  [1m[35m (30.8ms)[0m  INSERT INTO "schema_migrations" (version) VALUES ('20120130161449')
  [1m[36m (0.1ms)[0m  [1mSELECT "schema_migrations"."version" FROM "schema_migrations" [0m
  [1m[35m (0.3ms)[0m  select sqlite_version(*)
  [1m[36m (56.5ms)[0m  [1mCREATE TABLE "movies" ("id" INTEGER PRIMARY KEY AUTOINCREMENT NOT NULL, "title" varchar(255), "rating" varchar(255), "description" text, "release_date" datetime, "created_at" datetime, "updated_at" datetime, "director" varchar(255)) [0m
  [1m[35m (12.0ms)[0m  CREATE TABLE "schema_migrations" ("version" varchar(255) NOT NULL) 
  [1m[36m (0.1ms)[0m  [1mPRAGMA index_list("schema_migrations")[0m
  [1m[35m (17.1ms)[0m  CREATE UNIQUE INDEX "unique_schema_migrations" ON "schema_migrations" ("version")
  [1m[36m (0.1ms)[0m  [1mSELECT version FROM "schema_migrations"[0m
  [1m[35m (8.3ms)[0m  INSERT INTO "schema_migrations" (version) VALUES ('20120818193635')
  [1m[36m (9.5ms)[0m  [1mINSERT INTO "schema_migrations" (version) VALUES ('20111119180638')[0m
  [1m[35m (11.7ms)[0m  INSERT INTO "schema_migrations" (version) VALUES ('20120130161449')
  [1m[36m (0.1ms)[0m  [1mSELECT "schema_migrations"."version" FROM "schema_migrations" [0m
  [1m[35m (0.3ms)[0m  select sqlite_version(*)
  [1m[36m (24.8ms)[0m  [1mCREATE TABLE "movies" ("id" INTEGER PRIMARY KEY AUTOINCREMENT NOT NULL, "title" varchar(255), "rating" varchar(255), "description" text, "release_date" datetime, "created_at" datetime, "updated_at" datetime, "director" varchar(255)) [0m
  [1m[35m (18.9ms)[0m  CREATE TABLE "schema_migrations" ("version" varchar(255) NOT NULL) 
  [1m[36m (0.0ms)[0m  [1mPRAGMA index_list("schema_migrations")[0m
  [1m[35m (23.1ms)[0m  CREATE UNIQUE INDEX "unique_schema_migrations" ON "schema_migrations" ("version")
  [1m[36m (0.3ms)[0m  [1mSELECT version FROM "schema_migrations"[0m
  [1m[35m (23.9ms)[0m  INSERT INTO "schema_migrations" (version) VALUES ('20120818193635')
  [1m[36m (14.1ms)[0m  [1mINSERT INTO "schema_migrations" (version) VALUES ('20111119180638')[0m
  [1m[35m (13.6ms)[0m  INSERT INTO "schema_migrations" (version) VALUES ('20120130161449')
  [1m[36m (0.1ms)[0m  [1mSELECT "schema_migrations"."version" FROM "schema_migrations" [0m
  [1m[35m (0.3ms)[0m  select sqlite_version(*)
  [1m[36m (19.2ms)[0m  [1mCREATE TABLE "movies" ("id" INTEGER PRIMARY KEY AUTOINCREMENT NOT NULL, "title" varchar(255), "rating" varchar(255), "description" text, "release_date" datetime, "created_at" datetime, "updated_at" datetime, "director" varchar(255)) [0m
  [1m[35m (10.2ms)[0m  CREATE TABLE "schema_migrations" ("version" varchar(255) NOT NULL) 
  [1m[36m (0.1ms)[0m  [1mPRAGMA index_list("schema_migrations")[0m
  [1m[35m (13.1ms)[0m  CREATE UNIQUE INDEX "unique_schema_migrations" ON "schema_migrations" ("version")
  [1m[36m (0.1ms)[0m  [1mSELECT version FROM "schema_migrations"[0m
  [1m[35m (9.0ms)[0m  INSERT INTO "schema_migrations" (version) VALUES ('20120818193635')
  [1m[36m (8.9ms)[0m  [1mINSERT INTO "schema_migrations" (version) VALUES ('20111119180638')[0m
  [1m[35m (7.5ms)[0m  INSERT INTO "schema_migrations" (version) VALUES ('20120130161449')
  [1m[36m (0.2ms)[0m  [1mSELECT "schema_migrations"."version" FROM "schema_migrations" [0m
  [1m[35m (0.3ms)[0m  select sqlite_version(*)
  [1m[36m (144.0ms)[0m  [1mCREATE TABLE "movies" ("id" INTEGER PRIMARY KEY AUTOINCREMENT NOT NULL, "title" varchar(255), "rating" varchar(255), "description" text, "release_date" datetime, "created_at" datetime, "updated_at" datetime, "director" varchar(255)) [0m
  [1m[35m (15.1ms)[0m  CREATE TABLE "schema_migrations" ("version" varchar(255) NOT NULL) 
  [1m[36m (0.1ms)[0m  [1mPRAGMA index_list("schema_migrations")[0m
  [1m[35m (23.1ms)[0m  CREATE UNIQUE INDEX "unique_schema_migrations" ON "schema_migrations" ("version")
  [1m[36m (0.4ms)[0m  [1mSELECT version FROM "schema_migrations"[0m
  [1m[35m (198.5ms)[0m  INSERT INTO "schema_migrations" (version) VALUES ('20120818193635')
  [1m[36m (24.5ms)[0m  [1mINSERT INTO "schema_migrations" (version) VALUES ('20111119180638')[0m
  [1m[35m (33.1ms)[0m  INSERT INTO "schema_migrations" (version) VALUES ('20120130161449')
  [1m[36m (0.1ms)[0m  [1mSELECT "schema_migrations"."version" FROM "schema_migrations" [0m
  [1m[35m (0.3ms)[0m  select sqlite_version(*)
  [1m[36m (27.7ms)[0m  [1mCREATE TABLE "movies" ("id" INTEGER PRIMARY KEY AUTOINCREMENT NOT NULL, "title" varchar(255), "rating" varchar(255), "description" text, "release_date" datetime, "created_at" datetime, "updated_at" datetime, "director" varchar(255)) [0m
  [1m[35m (21.9ms)[0m  CREATE TABLE "schema_migrations" ("version" varchar(255) NOT NULL) 
  [1m[36m (0.1ms)[0m  [1mPRAGMA index_list("schema_migrations")[0m
  [1m[35m (27.5ms)[0m  CREATE UNIQUE INDEX "unique_schema_migrations" ON "schema_migrations" ("version")
  [1m[36m (0.1ms)[0m  [1mSELECT version FROM "schema_migrations"[0m
  [1m[35m (12.6ms)[0m  INSERT INTO "schema_migrations" (version) VALUES ('20120818193635')
  [1m[36m (21.8ms)[0m  [1mINSERT INTO "schema_migrations" (version) VALUES ('20111119180638')[0m
  [1m[35m (20.4ms)[0m  INSERT INTO "schema_migrations" (version) VALUES ('20120130161449')
  [1m[36m (0.1ms)[0m  [1mSELECT "schema_migrations"."version" FROM "schema_migrations" [0m
  [1m[35m (0.3ms)[0m  select sqlite_version(*)
  [1m[36m (28.3ms)[0m  [1mCREATE TABLE "movies" ("id" INTEGER PRIMARY KEY AUTOINCREMENT NOT NULL, "title" varchar(255), "rating" varchar(255), "description" text, "release_date" datetime, "created_at" datetime, "updated_at" datetime, "director" varchar(255)) [0m
  [1m[35m (23.2ms)[0m  CREATE TABLE "schema_migrations" ("version" varchar(255) NOT NULL) 
  [1m[36m (0.1ms)[0m  [1mPRAGMA index_list("schema_migrations")[0m
  [1m[35m (31.5ms)[0m  CREATE UNIQUE INDEX "unique_schema_migrations" ON "schema_migrations" ("version")
  [1m[36m (0.1ms)[0m  [1mSELECT version FROM "schema_migrations"[0m
  [1m[35m (23.3ms)[0m  INSERT INTO "schema_migrations" (version) VALUES ('20120818193635')
  [1m[36m (15.0ms)[0m  [1mINSERT INTO "schema_migrations" (version) VALUES ('20111119180638')[0m
  [1m[35m (12.6ms)[0m  INSERT INTO "schema_migrations" (version) VALUES ('20120130161449')
  [1m[36m (0.2ms)[0m  [1mSELECT "schema_migrations"."version" FROM "schema_migrations" [0m
  [1m[35m (0.2ms)[0m  select sqlite_version(*)
  [1m[36m (27.1ms)[0m  [1mCREATE TABLE "movies" ("id" INTEGER PRIMARY KEY AUTOINCREMENT NOT NULL, "title" varchar(255), "rating" varchar(255), "description" text, "release_date" datetime, "created_at" datetime, "updated_at" datetime, "director" varchar(255)) [0m
  [1m[35m (16.9ms)[0m  CREATE TABLE "schema_migrations" ("version" varchar(255) NOT NULL) 
  [1m[36m (0.1ms)[0m  [1mPRAGMA index_list("schema_migrations")[0m
  [1m[35m (29.7ms)[0m  CREATE UNIQUE INDEX "unique_schema_migrations" ON "schema_migrations" ("version")
  [1m[36m (0.1ms)[0m  [1mSELECT version FROM "schema_migrations"[0m
  [1m[35m (16.1ms)[0m  INSERT INTO "schema_migrations" (version) VALUES ('20120818193635')
  [1m[36m (7.6ms)[0m  [1mINSERT INTO "schema_migrations" (version) VALUES ('20111119180638')[0m
  [1m[35m (8.2ms)[0m  INSERT INTO "schema_migrations" (version) VALUES ('20120130161449')
  [1m[36m (0.1ms)[0m  [1mSELECT "schema_migrations"."version" FROM "schema_migrations" [0m
  [1m[35m (0.3ms)[0m  select sqlite_version(*)
  [1m[36m (129.3ms)[0m  [1mCREATE TABLE "movies" ("id" INTEGER PRIMARY KEY AUTOINCREMENT NOT NULL, "title" varchar(255), "rating" varchar(255), "description" text, "release_date" datetime, "created_at" datetime, "updated_at" datetime, "director" varchar(255)) [0m
  [1m[35m (13.0ms)[0m  CREATE TABLE "schema_migrations" ("version" varchar(255) NOT NULL) 
  [1m[36m (0.1ms)[0m  [1mPRAGMA index_list("schema_migrations")[0m
  [1m[35m (20.4ms)[0m  CREATE UNIQUE INDEX "unique_schema_migrations" ON "schema_migrations" ("version")
  [1m[36m (0.1ms)[0m  [1mSELECT version FROM "schema_migrations"[0m
  [1m[35m (24.1ms)[0m  INSERT INTO "schema_migrations" (version) VALUES ('20120818193635')
  [1m[36m (23.6ms)[0m  [1mINSERT INTO "schema_migrations" (version) VALUES ('20111119180638')[0m
  [1m[35m (19.7ms)[0m  INSERT INTO "schema_migrations" (version) VALUES ('20120130161449')
  [1m[36m (0.1ms)[0m  [1mSELECT "schema_migrations"."version" FROM "schema_migrations" [0m
  [1m[35m (0.3ms)[0m  select sqlite_version(*)
  [1m[36m (23.1ms)[0m  [1mCREATE TABLE "movies" ("id" INTEGER PRIMARY KEY AUTOINCREMENT NOT NULL, "title" varchar(255), "rating" varchar(255), "description" text, "release_date" datetime, "created_at" datetime, "updated_at" datetime, "director" varchar(255)) [0m
  [1m[35m (16.7ms)[0m  CREATE TABLE "schema_migrations" ("version" varchar(255) NOT NULL) 
  [1m[36m (0.1ms)[0m  [1mPRAGMA index_list("schema_migrations")[0m
  [1m[35m (22.1ms)[0m  CREATE UNIQUE INDEX "unique_schema_migrations" ON "schema_migrations" ("version")
  [1m[36m (0.1ms)[0m  [1mSELECT version FROM "schema_migrations"[0m
  [1m[35m (23.1ms)[0m  INSERT INTO "schema_migrations" (version) VALUES ('20120818193635')
  [1m[36m (15.2ms)[0m  [1mINSERT INTO "schema_migrations" (version) VALUES ('20111119180638')[0m
  [1m[35m (19.8ms)[0m  INSERT INTO "schema_migrations" (version) VALUES ('20120130161449')
  [1m[36m (0.1ms)[0m  [1mSELECT "schema_migrations"."version" FROM "schema_migrations" [0m
  [1m[35m (0.3ms)[0m  select sqlite_version(*)
  [1m[36m (38.1ms)[0m  [1mCREATE TABLE "movies" ("id" INTEGER PRIMARY KEY AUTOINCREMENT NOT NULL, "title" varchar(255), "rating" varchar(255), "description" text, "release_date" datetime, "created_at" datetime, "updated_at" datetime, "director" varchar(255)) [0m
  [1m[35m (19.2ms)[0m  CREATE TABLE "schema_migrations" ("version" varchar(255) NOT NULL) 
  [1m[36m (0.1ms)[0m  [1mPRAGMA index_list("schema_migrations")[0m
  [1m[35m (14.3ms)[0m  CREATE UNIQUE INDEX "unique_schema_migrations" ON "schema_migrations" ("version")
  [1m[36m (0.1ms)[0m  [1mSELECT version FROM "schema_migrations"[0m
  [1m[35m (21.1ms)[0m  INSERT INTO "schema_migrations" (version) VALUES ('20120818193635')
  [1m[36m (15.2ms)[0m  [1mINSERT INTO "schema_migrations" (version) VALUES ('20111119180638')[0m
  [1m[35m (14.0ms)[0m  INSERT INTO "schema_migrations" (version) VALUES ('20120130161449')
  [1m[36m (0.2ms)[0m  [1mSELECT "schema_migrations"."version" FROM "schema_migrations" [0m
  [1m[35m (0.3ms)[0m  select sqlite_version(*)
  [1m[36m (20.6ms)[0m  [1mCREATE TABLE "movies" ("id" INTEGER PRIMARY KEY AUTOINCREMENT NOT NULL, "title" varchar(255), "rating" varchar(255), "description" text, "release_date" datetime, "created_at" datetime, "updated_at" datetime, "director" varchar(255)) [0m
  [1m[35m (18.3ms)[0m  CREATE TABLE "schema_migrations" ("version" varchar(255) NOT NULL) 
  [1m[36m (0.1ms)[0m  [1mPRAGMA index_list("schema_migrations")[0m
  [1m[35m (31.4ms)[0m  CREATE UNIQUE INDEX "unique_schema_migrations" ON "schema_migrations" ("version")
  [1m[36m (0.1ms)[0m  [1mSELECT version FROM "schema_migrations"[0m
  [1m[35m (18.2ms)[0m  INSERT INTO "schema_migrations" (version) VALUES ('20120818193635')
  [1m[36m (12.4ms)[0m  [1mINSERT INTO "schema_migrations" (version) VALUES ('20111119180638')[0m
  [1m[35m (11.7ms)[0m  INSERT INTO "schema_migrations" (version) VALUES ('20120130161449')
  [1m[36m (0.1ms)[0m  [1mSELECT "schema_migrations"."version" FROM "schema_migrations" [0m
  [1m[35m (0.4ms)[0m  select sqlite_version(*)
  [1m[36m (21.5ms)[0m  [1mCREATE TABLE "movies" ("id" INTEGER PRIMARY KEY AUTOINCREMENT NOT NULL, "title" varchar(255), "rating" varchar(255), "description" text, "release_date" datetime, "created_at" datetime, "updated_at" datetime, "director" varchar(255)) [0m
  [1m[35m (16.8ms)[0m  CREATE TABLE "schema_migrations" ("version" varchar(255) NOT NULL) 
  [1m[36m (0.1ms)[0m  [1mPRAGMA index_list("schema_migrations")[0m
  [1m[35m (12.9ms)[0m  CREATE UNIQUE INDEX "unique_schema_migrations" ON "schema_migrations" ("version")
  [1m[36m (0.1ms)[0m  [1mSELECT version FROM "schema_migrations"[0m
  [1m[35m (11.4ms)[0m  INSERT INTO "schema_migrations" (version) VALUES ('20120818193635')
  [1m[36m (11.1ms)[0m  [1mINSERT INTO "schema_migrations" (version) VALUES ('20111119180638')[0m
  [1m[35m (14.7ms)[0m  INSERT INTO "schema_migrations" (version) VALUES ('20120130161449')
  [1m[36m (0.1ms)[0m  [1mSELECT "schema_migrations"."version" FROM "schema_migrations" [0m
  [1m[35m (0.3ms)[0m  select sqlite_version(*)
  [1m[36m (33.7ms)[0m  [1mCREATE TABLE "movies" ("id" INTEGER PRIMARY KEY AUTOINCREMENT NOT NULL, "title" varchar(255), "rating" varchar(255), "description" text, "release_date" datetime, "created_at" datetime, "updated_at" datetime, "director" varchar(255)) [0m
  [1m[35m (15.2ms)[0m  CREATE TABLE "schema_migrations" ("version" varchar(255) NOT NULL) 
  [1m[36m (0.1ms)[0m  [1mPRAGMA index_list("schema_migrations")[0m
  [1m[35m (15.3ms)[0m  CREATE UNIQUE INDEX "unique_schema_migrations" ON "schema_migrations" ("version")
  [1m[36m (0.1ms)[0m  [1mSELECT version FROM "schema_migrations"[0m
  [1m[35m (6.9ms)[0m  INSERT INTO "schema_migrations" (version) VALUES ('20120818193635')
  [1m[36m (13.7ms)[0m  [1mINSERT INTO "schema_migrations" (version) VALUES ('20111119180638')[0m
  [1m[35m (10.2ms)[0m  INSERT INTO "schema_migrations" (version) VALUES ('20120130161449')
  [1m[36m (0.1ms)[0m  [1mSELECT "schema_migrations"."version" FROM "schema_migrations" [0m
  [1m[35m (0.3ms)[0m  select sqlite_version(*)
  [1m[36m (115.9ms)[0m  [1mCREATE TABLE "movies" ("id" INTEGER PRIMARY KEY AUTOINCREMENT NOT NULL, "title" varchar(255), "rating" varchar(255), "description" text, "release_date" datetime, "created_at" datetime, "updated_at" datetime, "director" varchar(255)) [0m
  [1m[35m (19.3ms)[0m  CREATE TABLE "schema_migrations" ("version" varchar(255) NOT NULL) 
  [1m[36m (0.1ms)[0m  [1mPRAGMA index_list("schema_migrations")[0m
  [1m[35m (24.7ms)[0m  CREATE UNIQUE INDEX "unique_schema_migrations" ON "schema_migrations" ("version")
  [1m[36m (0.1ms)[0m  [1mSELECT version FROM "schema_migrations"[0m
  [1m[35m (8.2ms)[0m  INSERT INTO "schema_migrations" (version) VALUES ('20120818193635')
  [1m[36m (15.1ms)[0m  [1mINSERT INTO "schema_migrations" (version) VALUES ('20111119180638')[0m
  [1m[35m (12.0ms)[0m  INSERT INTO "schema_migrations" (version) VALUES ('20120130161449')
  [1m[36m (0.2ms)[0m  [1mSELECT "schema_migrations"."version" FROM "schema_migrations" [0m
  [1m[35m (0.5ms)[0m  select sqlite_version(*)
  [1m[36m (19.0ms)[0m  [1mCREATE TABLE "movies" ("id" INTEGER PRIMARY KEY AUTOINCREMENT NOT NULL, "title" varchar(255), "rating" varchar(255), "description" text, "release_date" datetime, "created_at" datetime, "updated_at" datetime, "director" varchar(255)) [0m
  [1m[35m (8.5ms)[0m  CREATE TABLE "schema_migrations" ("version" varchar(255) NOT NULL) 
  [1m[36m (0.1ms)[0m  [1mPRAGMA index_list("schema_migrations")[0m
  [1m[35m (12.2ms)[0m  CREATE UNIQUE INDEX "unique_schema_migrations" ON "schema_migrations" ("version")
  [1m[36m (0.1ms)[0m  [1mSELECT version FROM "schema_migrations"[0m
  [1m[35m (10.6ms)[0m  INSERT INTO "schema_migrations" (version) VALUES ('20120818193635')
  [1m[36m (11.4ms)[0m  [1mINSERT INTO "schema_migrations" (version) VALUES ('20111119180638')[0m
  [1m[35m (7.9ms)[0m  INSERT INTO "schema_migrations" (version) VALUES ('20120130161449')
  [1m[36m (0.1ms)[0m  [1mSELECT "schema_migrations"."version" FROM "schema_migrations" [0m
  [1m[35m (0.3ms)[0m  select sqlite_version(*)
  [1m[36m (29.4ms)[0m  [1mCREATE TABLE "movies" ("id" INTEGER PRIMARY KEY AUTOINCREMENT NOT NULL, "title" varchar(255), "rating" varchar(255), "description" text, "release_date" datetime, "created_at" datetime, "updated_at" datetime, "director" varchar(255)) [0m
  [1m[35m (26.1ms)[0m  CREATE TABLE "schema_migrations" ("version" varchar(255) NOT NULL) 
  [1m[36m (0.1ms)[0m  [1mPRAGMA index_list("schema_migrations")[0m
  [1m[35m (28.5ms)[0m  CREATE UNIQUE INDEX "unique_schema_migrations" ON "schema_migrations" ("version")
  [1m[36m (0.1ms)[0m  [1mSELECT version FROM "schema_migrations"[0m
  [1m[35m (19.2ms)[0m  INSERT INTO "schema_migrations" (version) VALUES ('20120818193635')
  [1m[36m (12.8ms)[0m  [1mINSERT INTO "schema_migrations" (version) VALUES ('20111119180638')[0m
  [1m[35m (13.4ms)[0m  INSERT INTO "schema_migrations" (version) VALUES ('20120130161449')
  [1m[36m (0.1ms)[0m  [1mSELECT "schema_migrations"."version" FROM "schema_migrations" [0m
  [1m[35m (0.3ms)[0m  select sqlite_version(*)
  [1m[36m (19.6ms)[0m  [1mCREATE TABLE "movies" ("id" INTEGER PRIMARY KEY AUTOINCREMENT NOT NULL, "title" varchar(255), "rating" varchar(255), "description" text, "release_date" datetime, "created_at" datetime, "updated_at" datetime, "director" varchar(255)) [0m
  [1m[35m (11.2ms)[0m  CREATE TABLE "schema_migrations" ("version" varchar(255) NOT NULL) 
  [1m[36m (0.1ms)[0m  [1mPRAGMA index_list("schema_migrations")[0m
  [1m[35m (14.2ms)[0m  CREATE UNIQUE INDEX "unique_schema_migrations" ON "schema_migrations" ("version")
  [1m[36m (0.2ms)[0m  [1mSELECT version FROM "schema_migrations"[0m
  [1m[35m (10.8ms)[0m  INSERT INTO "schema_migrations" (version) VALUES ('20120818193635')
  [1m[36m (13.5ms)[0m  [1mINSERT INTO "schema_migrations" (version) VALUES ('20111119180638')[0m
  [1m[35m (13.9ms)[0m  INSERT INTO "schema_migrations" (version) VALUES ('20120130161449')
  [1m[36m (0.1ms)[0m  [1mSELECT "schema_migrations"."version" FROM "schema_migrations" [0m
  [1m[35m (0.3ms)[0m  select sqlite_version(*)
  [1m[36m (30.2ms)[0m  [1mCREATE TABLE "movies" ("id" INTEGER PRIMARY KEY AUTOINCREMENT NOT NULL, "title" varchar(255), "rating" varchar(255), "description" text, "release_date" datetime, "created_at" datetime, "updated_at" datetime, "director" varchar(255)) [0m
  [1m[35m (19.4ms)[0m  CREATE TABLE "schema_migrations" ("version" varchar(255) NOT NULL) 
  [1m[36m (0.0ms)[0m  [1mPRAGMA index_list("schema_migrations")[0m
  [1m[35m (31.8ms)[0m  CREATE UNIQUE INDEX "unique_schema_migrations" ON "schema_migrations" ("version")
  [1m[36m (0.1ms)[0m  [1mSELECT version FROM "schema_migrations"[0m
  [1m[35m (15.2ms)[0m  INSERT INTO "schema_migrations" (version) VALUES ('20120818193635')
  [1m[36m (15.7ms)[0m  [1mINSERT INTO "schema_migrations" (version) VALUES ('20111119180638')[0m
  [1m[35m (12.1ms)[0m  INSERT INTO "schema_migrations" (version) VALUES ('20120130161449')
  [1m[36m (0.1ms)[0m  [1mSELECT "schema_migrations"."version" FROM "schema_migrations" [0m
  [1m[35m (0.3ms)[0m  select sqlite_version(*)
  [1m[36m (157.7ms)[0m  [1mCREATE TABLE "movies" ("id" INTEGER PRIMARY KEY AUTOINCREMENT NOT NULL, "title" varchar(255), "rating" varchar(255), "description" text, "release_date" datetime, "created_at" datetime, "updated_at" datetime, "director" varchar(255)) [0m
  [1m[35m (27.1ms)[0m  CREATE TABLE "schema_migrations" ("version" varchar(255) NOT NULL) 
  [1m[36m (1.0ms)[0m  [1mPRAGMA index_list("schema_migrations")[0m
  [1m[35m (34.8ms)[0m  CREATE UNIQUE INDEX "unique_schema_migrations" ON "schema_migrations" ("version")
  [1m[36m (0.1ms)[0m  [1mSELECT version FROM "schema_migrations"[0m
  [1m[35m (20.1ms)[0m  INSERT INTO "schema_migrations" (version) VALUES ('20120818193635')
  [1m[36m (10.9ms)[0m  [1mINSERT INTO "schema_migrations" (version) VALUES ('20111119180638')[0m
  [1m[35m (16.0ms)[0m  INSERT INTO "schema_migrations" (version) VALUES ('20120130161449')
  [1m[36m (0.6ms)[0m  [1mSELECT "schema_migrations"."version" FROM "schema_migrations" [0m
  [1m[35m (0.3ms)[0m  select sqlite_version(*)
  [1m[36m (57.8ms)[0m  [1mCREATE TABLE "movies" ("id" INTEGER PRIMARY KEY AUTOINCREMENT NOT NULL, "title" varchar(255), "rating" varchar(255), "description" text, "release_date" datetime, "created_at" datetime, "updated_at" datetime, "director" varchar(255)) [0m
  [1m[35m (11.8ms)[0m  CREATE TABLE "schema_migrations" ("version" varchar(255) NOT NULL) 
  [1m[36m (0.1ms)[0m  [1mPRAGMA index_list("schema_migrations")[0m
  [1m[35m (31.2ms)[0m  CREATE UNIQUE INDEX "unique_schema_migrations" ON "schema_migrations" ("version")
  [1m[36m (0.1ms)[0m  [1mSELECT version FROM "schema_migrations"[0m
  [1m[35m (50.3ms)[0m  INSERT INTO "schema_migrations" (version) VALUES ('20120818193635')
  [1m[36m (15.6ms)[0m  [1mINSERT INTO "schema_migrations" (version) VALUES ('20111119180638')[0m
  [1m[35m (24.0ms)[0m  INSERT INTO "schema_migrations" (version) VALUES ('20120130161449')
  [1m[36m (0.1ms)[0m  [1mSELECT "schema_migrations"."version" FROM "schema_migrations" [0m
  [1m[35m (0.3ms)[0m  select sqlite_version(*)
  [1m[36m (22.4ms)[0m  [1mCREATE TABLE "movies" ("id" INTEGER PRIMARY KEY AUTOINCREMENT NOT NULL, "title" varchar(255), "rating" varchar(255), "description" text, "release_date" datetime, "created_at" datetime, "updated_at" datetime, "director" varchar(255)) [0m
  [1m[35m (9.0ms)[0m  CREATE TABLE "schema_migrations" ("version" varchar(255) NOT NULL) 
  [1m[36m (0.1ms)[0m  [1mPRAGMA index_list("schema_migrations")[0m
  [1m[35m (14.9ms)[0m  CREATE UNIQUE INDEX "unique_schema_migrations" ON "schema_migrations" ("version")
  [1m[36m (0.1ms)[0m  [1mSELECT version FROM "schema_migrations"[0m
  [1m[35m (12.5ms)[0m  INSERT INTO "schema_migrations" (version) VALUES ('20120818193635')
  [1m[36m (8.2ms)[0m  [1mINSERT INTO "schema_migrations" (version) VALUES ('20111119180638')[0m
  [1m[35m (19.1ms)[0m  INSERT INTO "schema_migrations" (version) VALUES ('20120130161449')
  [1m[36m (0.1ms)[0m  [1mSELECT "schema_migrations"."version" FROM "schema_migrations" [0m
  [1m[35m (0.3ms)[0m  select sqlite_version(*)
  [1m[36m (64.7ms)[0m  [1mCREATE TABLE "movies" ("id" INTEGER PRIMARY KEY AUTOINCREMENT NOT NULL, "title" varchar(255), "rating" varchar(255), "description" text, "release_date" datetime, "created_at" datetime, "updated_at" datetime, "director" varchar(255)) [0m
  [1m[35m (20.7ms)[0m  CREATE TABLE "schema_migrations" ("version" varchar(255) NOT NULL) 
  [1m[36m (0.0ms)[0m  [1mPRAGMA index_list("schema_migrations")[0m
  [1m[35m (19.7ms)[0m  CREATE UNIQUE INDEX "unique_schema_migrations" ON "schema_migrations" ("version")
  [1m[36m (0.1ms)[0m  [1mSELECT version FROM "schema_migrations"[0m
  [1m[35m (11.1ms)[0m  INSERT INTO "schema_migrations" (version) VALUES ('20120818193635')
  [1m[36m (7.8ms)[0m  [1mINSERT INTO "schema_migrations" (version) VALUES ('20111119180638')[0m
  [1m[35m (14.6ms)[0m  INSERT INTO "schema_migrations" (version) VALUES ('20120130161449')
  [1m[36m (0.1ms)[0m  [1mSELECT "schema_migrations"."version" FROM "schema_migrations" [0m
  [1m[35m (0.2ms)[0m  select sqlite_version(*)
  [1m[36m (30.3ms)[0m  [1mCREATE TABLE "movies" ("id" INTEGER PRIMARY KEY AUTOINCREMENT NOT NULL, "title" varchar(255), "rating" varchar(255), "description" text, "release_date" datetime, "created_at" datetime, "updated_at" datetime, "director" varchar(255)) [0m
  [1m[35m (20.3ms)[0m  CREATE TABLE "schema_migrations" ("version" varchar(255) NOT NULL) 
  [1m[36m (0.0ms)[0m  [1mPRAGMA index_list("schema_migrations")[0m
  [1m[35m (24.0ms)[0m  CREATE UNIQUE INDEX "unique_schema_migrations" ON "schema_migrations" ("version")
  [1m[36m (0.1ms)[0m  [1mSELECT version FROM "schema_migrations"[0m
  [1m[35m (8.4ms)[0m  INSERT INTO "schema_migrations" (version) VALUES ('20120818193635')
  [1m[36m (16.7ms)[0m  [1mINSERT INTO "schema_migrations" (version) VALUES ('20111119180638')[0m
  [1m[35m (23.9ms)[0m  INSERT INTO "schema_migrations" (version) VALUES ('20120130161449')
